[debug] [2024-12-08T06:04:10.997Z] ----------------------------------------------------------------------
[debug] [2024-12-08T06:04:11.000Z] Command:       C:\Program Files\nodejs\node.exe C:\Users\Asus\AppData\Roaming\npm\node_modules\firebase-tools\lib\bin\firebase.js init
[debug] [2024-12-08T06:04:11.000Z] CLI Version:   13.28.0
[debug] [2024-12-08T06:04:11.000Z] Platform:      win32
[debug] [2024-12-08T06:04:11.000Z] Node Version:  v22.12.0
[debug] [2024-12-08T06:04:11.001Z] Time:          Sun Dec 08 2024 11:34:11 GMT+0530 (India Standard Time)
[debug] [2024-12-08T06:04:11.001Z] ----------------------------------------------------------------------
[debug] 
[debug] [2024-12-08T06:04:11.007Z] > command requires scopes: ["email","openid","https://www.googleapis.com/auth/cloudplatformprojects.readonly","https://www.googleapis.com/auth/firebase","https://www.googleapis.com/auth/cloud-platform"]
[debug] [2024-12-08T06:04:11.007Z] > authorizing via signed-in user (pawarpradeep1707@gmail.com)
[info] 
     ######## #### ########  ######## ########     ###     ######  ########
     ##        ##  ##     ## ##       ##     ##  ##   ##  ##       ##
     ######    ##  ########  ######   ########  #########  ######  ######
     ##        ##  ##    ##  ##       ##     ## ##     ##       ## ##
     ##       #### ##     ## ######## ########  ##     ##  ######  ########

You're about to initialize a Firebase project in this directory:

  D:\HIM_FINALL\hmi-interface

[info] 
=== Project Setup
[info] 
[info] First, let's associate this project directory with a Firebase project.
[info] You can create multiple project aliases by running firebase use --add, 
[info] but for now we'll just set up a default project.
[info] 
[info] i  If you want to create a project in a Google Cloud organization or folder, please use "firebase projects:create" instead, and return to this command when you've created the project. 
[debug] [2024-12-08T06:06:47.411Z] Checked if tokens are valid: true, expires at: 1733641433528
[debug] [2024-12-08T06:06:47.411Z] Checked if tokens are valid: true, expires at: 1733641433528
[debug] [2024-12-08T06:06:47.412Z] >>> [apiv2][query] POST https://cloudresourcemanager.googleapis.com/v1/projects [none]
[debug] [2024-12-08T06:06:47.412Z] >>> [apiv2][body] POST https://cloudresourcemanager.googleapis.com/v1/projects {"projectId":"fridge-control-panel","name":"HMI"}
[debug] [2024-12-08T06:06:48.921Z] <<< [apiv2][status] POST https://cloudresourcemanager.googleapis.com/v1/projects 400
[debug] [2024-12-08T06:06:48.921Z] <<< [apiv2][body] POST https://cloudresourcemanager.googleapis.com/v1/projects {"error":{"code":400,"message":"field [display_name] has issue [project display name must be at least 4 characters]","status":"INVALID_ARGUMENT","details":[{"@type":"type.googleapis.com/google.rpc.BadRequest","fieldViolations":[{"field":"display_name","description":"project display name must be at least 4 characters"}]},{"@type":"type.googleapis.com/google.rpc.Help","links":[{"url":"https://cloud.google.com/resource-manager/reference/rest/v1/projects"}]}]}}
[debug] [2024-12-08T06:06:49.077Z] FirebaseError: Request to https://cloudresourcemanager.googleapis.com/v1/projects had HTTP Error: 400, field [display_name] has issue [project display name must be at least 4 characters]
    at responseToError (C:\Users\Asus\AppData\Roaming\npm\node_modules\firebase-tools\lib\responseToError.js:52:12)
    at RetryOperation._fn (C:\Users\Asus\AppData\Roaming\npm\node_modules\firebase-tools\lib\apiv2.js:312:77)
    at process.processTicksAndRejections (node:internal/process/task_queues:105:5)
[error] 
[error] Error: Failed to create project. See firebase-debug.log for more info.
[debug] [2024-12-08T06:09:52.545Z] ----------------------------------------------------------------------
[debug] [2024-12-08T06:09:52.547Z] Command:       C:\Program Files\nodejs\node.exe C:\Users\Asus\AppData\Roaming\npm\node_modules\firebase-tools\lib\bin\firebase.js use --add
[debug] [2024-12-08T06:09:52.548Z] CLI Version:   13.28.0
[debug] [2024-12-08T06:09:52.548Z] Platform:      win32
[debug] [2024-12-08T06:09:52.548Z] Node Version:  v22.12.0
[debug] [2024-12-08T06:09:52.548Z] Time:          Sun Dec 08 2024 11:39:52 GMT+0530 (India Standard Time)
[debug] [2024-12-08T06:09:52.548Z] ----------------------------------------------------------------------
[debug] 
[debug] [2024-12-08T06:09:52.554Z] > command requires scopes: ["email","openid","https://www.googleapis.com/auth/cloudplatformprojects.readonly","https://www.googleapis.com/auth/firebase","https://www.googleapis.com/auth/cloud-platform"]
[debug] [2024-12-08T06:09:52.554Z] > authorizing via signed-in user (pawarpradeep1707@gmail.com)
[debug] [2024-12-08T06:09:57.604Z] Error: Timed out.
    at Timeout._onTimeout (C:\Users\Asus\AppData\Roaming\npm\node_modules\firebase-tools\lib\utils.js:269:49)
    at listOnTimeout (node:internal/timers:594:17)
    at process.processTimers (node:internal/timers:529:7)
[error] 
[error] Error: An unexpected error has occurred.
